<?xml version="1.0" encoding="UTF-8"?>
<!-- Generated by org.testng.reporters.JUnitXMLReporter -->
<testsuite ignored="0" hostname="LIN19002568" failures="1" tests="2" name="LoginTest" time="44.415" errors="0" timestamp="2023-07-04T13:26:41 IST">
  <testcase classname="tests.LoginTest" name="login" time="11.489">
    <failure type="org.junit.ComparisonFailure" message="expected:&amp;lt;[Failure]&amp;gt; but was:&amp;lt;[Successful]&amp;gt;">
      <![CDATA[org.junit.ComparisonFailure: expected:<[Failure]> but was:<[Successful]>
at org.junit.Assert.assertEquals(Assert.java:115)
at org.junit.Assert.assertEquals(Assert.java:144)
at tests.LoginTest.login(LoginTest.java:57)
at java.base/java.util.ArrayList.forEach(ArrayList.java:1511)
at java.base/java.util.concurrent.FutureTask.run(FutureTask.java:264)
at java.base/java.util.concurrent.ThreadPoolExecutor.runWorker(ThreadPoolExecutor.java:1136)
at java.base/java.util.concurrent.ThreadPoolExecutor$Worker.run(ThreadPoolExecutor.java:635)
at java.base/java.lang.Thread.run(Thread.java:833)
... Removed 18 stack frames]]>
    </failure>
  </testcase> <!-- login -->
  <testcase classname="tests.LoginTest" name="login" time="11.359"/>
</testsuite> <!-- LoginTest -->
